<?xml version="1.0" encoding="UTF-8"?>
<testng-results skipped="0" failed="0" ignored="0" total="1" passed="1">
  <reporter-output>
  </reporter-output>
  <suite name="Default suite" duration-ms="25342" started-at="2018-02-08T18:39:33Z" finished-at="2018-02-08T18:39:59Z">
    <groups>
    </groups>
    <test name="Default test" duration-ms="25342" started-at="2018-02-08T18:39:33Z" finished-at="2018-02-08T18:39:59Z">
      <class name="com.mobilchrome.GoogleCaptcha">
        <test-method status="PASS" signature="frametestgooglecaptcha()[pri:0, instance:com.mobilchrome.GoogleCaptcha@2eda0940]" name="frametestgooglecaptcha" duration-ms="25296" started-at="2018-02-09T00:09:33Z" finished-at="2018-02-09T00:09:59Z">
          <reporter-output>
          </reporter-output>
        </test-method> <!-- frametestgooglecaptcha -->
      </class> <!-- com.mobilchrome.GoogleCaptcha -->
    </test> <!-- Default test -->
  </suite> <!-- Default suite -->
</testng-results>
