<?xml version="1.0" encoding="UTF-8"?>
<!-- Generated by org.testng.reporters.JUnitXMLReporter -->
<testsuite hostname="KeshavPC" ignored="12" name="Test" tests="4" failures="0" timestamp="21 Jan 2019 18:21:22 GMT" time="54.107" errors="0">
  <testcase name="test1" time="8.34" classname="com.newAppiumPractice.Tests.AppiumPractice_FirstTest"/>
  <testcase name="test2" time="8.644" classname="com.newAppiumPractice.Tests.AppiumPractice_SecondTest"/>
  <testcase name="test3" time="11.809" classname="com.newAppiumPractice.Tests.AppiumPractice_ThirdTest"/>
  <testcase name="test4" time="24.799" classname="com.newAppiumPractice.Tests.AppiumPractice_FourthTest"/>
  <testcase name="@AfterSuite teardown" time="0.0" classname="com.newAppiumPractice.Base.AppiumPractice_base">
    <ignored/>
  </testcase> <!-- @AfterSuite teardown -->
  <testcase name="@AfterSuite teardown" time="0.0" classname="com.newAppiumPractice.Base.AppiumPractice_base">
    <ignored/>
  </testcase> <!-- @AfterSuite teardown -->
  <testcase name="@AfterSuite teardown" time="0.0" classname="com.newAppiumPractice.Base.AppiumPractice_base">
    <ignored/>
  </testcase> <!-- @AfterSuite teardown -->
  <testcase name="@AfterTest reportTeardown" time="0.0" classname="com.newAppiumPractice.Base.AppiumPractice_base">
    <ignored/>
  </testcase> <!-- @AfterTest reportTeardown -->
  <testcase name="@AfterTest reportTeardown" time="0.0" classname="com.newAppiumPractice.Base.AppiumPractice_base">
    <ignored/>
  </testcase> <!-- @AfterTest reportTeardown -->
  <testcase name="@AfterTest reportTeardown" time="0.0" classname="com.newAppiumPractice.Base.AppiumPractice_base">
    <ignored/>
  </testcase> <!-- @AfterTest reportTeardown -->
  <testcase name="@BeforeSuite baseSetup" time="0.0" classname="com.newAppiumPractice.Base.AppiumPractice_base">
    <ignored/>
  </testcase> <!-- @BeforeSuite baseSetup -->
  <testcase name="@BeforeSuite baseSetup" time="0.0" classname="com.newAppiumPractice.Base.AppiumPractice_base">
    <ignored/>
  </testcase> <!-- @BeforeSuite baseSetup -->
  <testcase name="@BeforeSuite baseSetup" time="0.0" classname="com.newAppiumPractice.Base.AppiumPractice_base">
    <ignored/>
  </testcase> <!-- @BeforeSuite baseSetup -->
  <testcase name="@BeforeTest reportSetup" time="0.0" classname="com.newAppiumPractice.Base.AppiumPractice_base">
    <ignored/>
  </testcase> <!-- @BeforeTest reportSetup -->
  <testcase name="@BeforeTest reportSetup" time="0.0" classname="com.newAppiumPractice.Base.AppiumPractice_base">
    <ignored/>
  </testcase> <!-- @BeforeTest reportSetup -->
  <testcase name="@BeforeTest reportSetup" time="0.0" classname="com.newAppiumPractice.Base.AppiumPractice_base">
    <ignored/>
  </testcase> <!-- @BeforeTest reportSetup -->
</testsuite> <!-- Test -->
