<?xml version="1.0" encoding="UTF-8"?>
<testng-results skipped="0" failed="0" ignored="12" total="16" passed="4">
  <reporter-output>
  </reporter-output>
  <suite name="Amazon Test suite" duration-ms="54107" started-at="2019-01-21T18:20:28Z" finished-at="2019-01-21T18:21:22Z">
    <groups>
    </groups>
    <test name="Test" duration-ms="54107" started-at="2019-01-21T18:20:28Z" finished-at="2019-01-21T18:21:22Z">
      <class name="com.newAppiumPractice.Tests.AppiumPractice_SecondTest">
        <test-method status="PASS" signature="test2()[pri:0, instance:com.newAppiumPractice.Tests.AppiumPractice_SecondTest@5e5792a0]" name="test2" duration-ms="8644" started-at="2019-01-21T18:20:36Z" finished-at="2019-01-21T18:20:45Z">
          <reporter-output>
          </reporter-output>
        </test-method> <!-- test2 -->
      </class> <!-- com.newAppiumPractice.Tests.AppiumPractice_SecondTest -->
      <class name="com.newAppiumPractice.Tests.AppiumPractice_FirstTest">
        <test-method status="PASS" signature="baseSetup()[pri:0, instance:com.newAppiumPractice.Tests.AppiumPractice_FirstTest@3ffc5af1]" name="baseSetup" is-config="true" duration-ms="19467" started-at="2019-01-21T18:20:08Z" finished-at="2019-01-21T18:20:28Z">
          <reporter-output>
          </reporter-output>
        </test-method> <!-- baseSetup -->
        <test-method status="PASS" signature="reportSetup()[pri:0, instance:com.newAppiumPractice.Tests.AppiumPractice_FirstTest@3ffc5af1]" name="reportSetup" is-config="true" duration-ms="141" started-at="2019-01-21T18:20:28Z" finished-at="2019-01-21T18:20:28Z">
          <reporter-output>
          </reporter-output>
        </test-method> <!-- reportSetup -->
        <test-method status="PASS" signature="test1()[pri:0, instance:com.newAppiumPractice.Tests.AppiumPractice_FirstTest@3ffc5af1]" name="test1" duration-ms="8340" started-at="2019-01-21T18:20:28Z" finished-at="2019-01-21T18:20:36Z">
          <reporter-output>
          </reporter-output>
        </test-method> <!-- test1 -->
        <test-method status="PASS" signature="reportTeardown()[pri:0, instance:com.newAppiumPractice.Tests.AppiumPractice_FirstTest@3ffc5af1]" name="reportTeardown" is-config="true" duration-ms="359" started-at="2019-01-21T18:21:22Z" finished-at="2019-01-21T18:21:22Z">
          <reporter-output>
          </reporter-output>
        </test-method> <!-- reportTeardown -->
        <test-method status="PASS" signature="teardown()[pri:0, instance:com.newAppiumPractice.Tests.AppiumPractice_FirstTest@3ffc5af1]" name="teardown" is-config="true" duration-ms="5663" started-at="2019-01-21T18:21:22Z" finished-at="2019-01-21T18:21:28Z">
          <reporter-output>
          </reporter-output>
        </test-method> <!-- teardown -->
      </class> <!-- com.newAppiumPractice.Tests.AppiumPractice_FirstTest -->
      <class name="com.newAppiumPractice.Tests.AppiumPractice_ThirdTest">
        <test-method status="PASS" signature="test3()[pri:0, instance:com.newAppiumPractice.Tests.AppiumPractice_ThirdTest@26653222]" name="test3" duration-ms="11809" started-at="2019-01-21T18:20:45Z" finished-at="2019-01-21T18:20:57Z">
          <reporter-output>
          </reporter-output>
        </test-method> <!-- test3 -->
      </class> <!-- com.newAppiumPractice.Tests.AppiumPractice_ThirdTest -->
      <class name="com.newAppiumPractice.Tests.AppiumPractice_FourthTest">
        <test-method status="PASS" signature="test4()[pri:0, instance:com.newAppiumPractice.Tests.AppiumPractice_FourthTest@3532ec19]" name="test4" duration-ms="24799" started-at="2019-01-21T18:20:57Z" finished-at="2019-01-21T18:21:22Z">
          <reporter-output>
          </reporter-output>
        </test-method> <!-- test4 -->
      </class> <!-- com.newAppiumPractice.Tests.AppiumPractice_FourthTest -->
    </test> <!-- Test -->
  </suite> <!-- Amazon Test suite -->
</testng-results>
