<?xml version="1.0" encoding="UTF-8"?>
<!-- Generated by org.testng.reporters.JUnitXMLReporter -->
<testsuite hostname="KeshavPC" ignored="12" name="Test" tests="4" failures="0" timestamp="06 Jan 2019 11:58:42 GMT" time="50.104" errors="0">
  <testcase name="test1" time="8.243" classname="com.newAppiumPractice.Tests.AppiumPractice_FirstTest"/>
  <testcase name="test2" time="6.274" classname="com.newAppiumPractice.Tests.AppiumPractice_SecondTest"/>
  <testcase name="test3" time="10.842" classname="com.newAppiumPractice.Tests.AppiumPractice_ThirdTest"/>
  <testcase name="test4" time="24.298" classname="com.newAppiumPractice.Tests.AppiumPractice_FourthTest"/>
  <testcase name="@AfterSuite teardown" time="0.0" classname="com.newAppiumPractice.Base.AppiumPractice_base">
    <ignored/>
  </testcase> <!-- @AfterSuite teardown -->
  <testcase name="@AfterSuite teardown" time="0.0" classname="com.newAppiumPractice.Base.AppiumPractice_base">
    <ignored/>
  </testcase> <!-- @AfterSuite teardown -->
  <testcase name="@AfterSuite teardown" time="0.0" classname="com.newAppiumPractice.Base.AppiumPractice_base">
    <ignored/>
  </testcase> <!-- @AfterSuite teardown -->
  <testcase name="@AfterTest reportTeardown" time="0.0" classname="com.newAppiumPractice.Base.AppiumPractice_base">
    <ignored/>
  </testcase> <!-- @AfterTest reportTeardown -->
  <testcase name="@AfterTest reportTeardown" time="0.0" classname="com.newAppiumPractice.Base.AppiumPractice_base">
    <ignored/>
  </testcase> <!-- @AfterTest reportTeardown -->
  <testcase name="@AfterTest reportTeardown" time="0.0" classname="com.newAppiumPractice.Base.AppiumPractice_base">
    <ignored/>
  </testcase> <!-- @AfterTest reportTeardown -->
  <testcase name="@BeforeSuite baseSetup" time="0.0" classname="com.newAppiumPractice.Base.AppiumPractice_base">
    <ignored/>
  </testcase> <!-- @BeforeSuite baseSetup -->
  <testcase name="@BeforeSuite baseSetup" time="0.0" classname="com.newAppiumPractice.Base.AppiumPractice_base">
    <ignored/>
  </testcase> <!-- @BeforeSuite baseSetup -->
  <testcase name="@BeforeSuite baseSetup" time="0.0" classname="com.newAppiumPractice.Base.AppiumPractice_base">
    <ignored/>
  </testcase> <!-- @BeforeSuite baseSetup -->
  <testcase name="@BeforeTest reportSetup" time="0.0" classname="com.newAppiumPractice.Base.AppiumPractice_base">
    <ignored/>
  </testcase> <!-- @BeforeTest reportSetup -->
  <testcase name="@BeforeTest reportSetup" time="0.0" classname="com.newAppiumPractice.Base.AppiumPractice_base">
    <ignored/>
  </testcase> <!-- @BeforeTest reportSetup -->
  <testcase name="@BeforeTest reportSetup" time="0.0" classname="com.newAppiumPractice.Base.AppiumPractice_base">
    <ignored/>
  </testcase> <!-- @BeforeTest reportSetup -->
</testsuite> <!-- Test -->
